Build started 12/6/2015 8:33:01 PM.
     1>Project "C:\Users\Albert\Desktop\Seneca\C++\Final_assign\FP_MS5-master\FP.vcxproj" on node 2 (Build target(s)).
     1>ClCompile:
         D:\Microsoft Visual Studio 14.0\VC\bin\CL.exe /c /ZI /nologo /W3 /WX- /Od /Oy- /D WIN32 /D _DEBUG /D _CONSOLE /D _LIB /D _UNICODE /D UNICODE /Gm /EHsc /RTC1 /MDd /GS /fp:precise /Zc:wchar_t /Zc:forScope /Zc:inline /Fo"Debug\\" /Fd"Debug\vc140.pdb" /Gd /TP /analyze- /errorReport:prompt PosApp.cpp
         PosApp.cpp
     1>c:\users\albert\desktop\seneca\c++\final_assign\fp_ms5-master\posapp.h(7): warning C4584: 'sict::PosApp': base-class 'ErrorMessage' is already a base-class of 'sict::NonPerishable'
         c:\users\albert\desktop\seneca\c++\final_assign\fp_ms5-master\errormessage.h(5): note: see declaration of 'ErrorMessage'
         c:\users\albert\desktop\seneca\c++\final_assign\fp_ms5-master\nonperishable.h(11): note: see declaration of 'sict::NonPerishable'
     1>c:\users\albert\desktop\seneca\c++\final_assign\fp_ms5-master\posapp.h(7): warning C4584: 'sict::PosApp': base-class 'sict::Date' is already a base-class of 'sict::NonPerishable'
         c:\users\albert\desktop\seneca\c++\final_assign\fp_ms5-master\date.h(17): note: see declaration of 'sict::Date'
         c:\users\albert\desktop\seneca\c++\final_assign\fp_ms5-master\nonperishable.h(11): note: see declaration of 'sict::NonPerishable'
     1>c:\users\albert\desktop\seneca\c++\final_assign\fp_ms5-master\posapp.cpp(15): warning C4996: 'strncpy': This function or variable may be unsafe. Consider using strncpy_s instead. To disable deprecation, use _CRT_SECURE_NO_WARNINGS. See online help for details.
         c:\program files (x86)\windows kits\10\include\10.0.10150.0\ucrt\string.h(346): note: see declaration of 'strncpy'
     1>c:\users\albert\desktop\seneca\c++\final_assign\fp_ms5-master\posapp.cpp(16): warning C4996: 'strncpy': This function or variable may be unsafe. Consider using strncpy_s instead. To disable deprecation, use _CRT_SECURE_NO_WARNINGS. See online help for details.
         c:\program files (x86)\windows kits\10\include\10.0.10150.0\ucrt\string.h(346): note: see declaration of 'strncpy'
     1>c:\users\albert\desktop\seneca\c++\final_assign\fp_ms5-master\posapp.cpp(240): warning C4244: '+=': conversion from 'double' to 'int', possible loss of data
     1>c:\users\albert\desktop\seneca\c++\final_assign\fp_ms5-master\posapp.cpp(274): warning C4244: '+=': conversion from 'double' to 'int', possible loss of data
     1>c:\users\albert\desktop\seneca\c++\final_assign\fp_ms5-master\posapp.cpp(282): warning C4244: '+=': conversion from 'double' to 'int', possible loss of data
     1>c:\users\albert\desktop\seneca\c++\final_assign\fp_ms5-master\posapp.cpp(346): warning C4018: '<': signed/unsigned mismatch
     1>c:\users\albert\desktop\seneca\c++\final_assign\fp_ms5-master\posapp.cpp(96): warning C4700: uninitialized local variable 'peri' used
     1>c:\users\albert\desktop\seneca\c++\final_assign\fp_ms5-master\posapp.cpp(102): warning C4700: uninitialized local variable 'nonperi' used
     1>c:\users\albert\desktop\seneca\c++\final_assign\fp_ms5-master\posapp.cpp(154): warning C4700: uninitialized local variable 'currsku1' used
     1>c:\users\albert\desktop\seneca\c++\final_assign\fp_ms5-master\posapp.cpp(272): warning C4700: uninitialized local variable 'peri' used
     1>c:\users\albert\desktop\seneca\c++\final_assign\fp_ms5-master\posapp.cpp(280): warning C4700: uninitialized local variable 'nonperi' used
       Link:
         D:\Microsoft Visual Studio 14.0\VC\bin\link.exe /ERRORREPORT:PROMPT /OUT:"C:\Users\Albert\Desktop\Seneca\C++\Final_assign\FP_MS5-master\Debug\FP.exe" /INCREMENTAL /NOLOGO kernel32.lib user32.lib gdi32.lib winspool.lib comdlg32.lib advapi32.lib shell32.lib ole32.lib oleaut32.lib uuid.lib odbc32.lib odbccp32.lib /MANIFEST /MANIFESTUAC:"level='asInvoker' uiAccess='false'" /manifest:embed /Debug /PDB:"C:\Users\Albert\Desktop\Seneca\C++\Final_assign\FP_MS5-master\Debug\FP.pdb" /SUBSYSTEM:CONSOLE /TLBID:1 /DYNAMICBASE /NXCOMPAT /IMPLIB:"C:\Users\Albert\Desktop\Seneca\C++\Final_assign\FP_MS5-master\Debug\FP.lib" /MACHINE:X86 Debug\PosApp.obj
         Debug\PosAppMain.obj
         Debug\Date.obj
         Debug\ErrorMessage.obj
         Debug\Item.obj
         Debug\NonPerishable.obj
         Debug\Perishable.obj
         FP.vcxproj -> C:\Users\Albert\Desktop\Seneca\C++\Final_assign\FP_MS5-master\Debug\FP.exe
     1>Done Building Project "C:\Users\Albert\Desktop\Seneca\C++\Final_assign\FP_MS5-master\FP.vcxproj" (Build target(s)).

Build succeeded.

Time Elapsed 00:00:00.78
